03E9F65F0FE317DBCA878959D62A6402
10818C3F45804DC1D9ECF26A4657700C
189FB708C864BBA2F7D4E073E3453AA1
3C8EA698BC859BE08519FBA2800CC058
43FCFD2EDD7A7AB95CD6744E058BBAD5
6F9186DA6628DEB2763BDBCFEF66E353
742B0E5A2F62BD2F218C0615A8B2AD12
7831EEE8C427D64C61F5065B3AD32C6B
8AD62BE65CA0A745B96D015D2AE6B9D5
8B4578CBCDD2854FBAE229E68BD7FFEB
8E4798C0CC58E27F62EBE83B4BA19D8A
91D01960472EABBBC409CABD60F3F4CB
9DAA2E6DDD827C955CEEA208707EE2AB
A6BBBB4DEA926564A8F46F860BADDBFC
BD2445D904F8F505C7CBAF22A1FBE4A9
CC53CFFCB30E873669AA2F09DA0D3566
D0747F7806956A92EAB97093BFA08579
D9C090F153DBCC5A8B26FF27E2511818
DD00C0F495A8491DBEE69526B5E67D82
DF6A001A6C42DB5CCA599EE5883B294A
E3E8400C23CE7F83FE29AFD197BA3682
E971D39AA390BE48D36F83E44584B853
FF8620A6B4EB60CCE737EBC1E6CC7A9F
