# Hexen
008227FE7A5E78F0F04C6C7009CF17AC
0396DC9B793ADDB0D8805B8BCA22AFA0
056A5796E924774FE19E9CB7924712C6
088ECE0E0F3E68448FA1D901001A0084
0B64298B66E94FE2D8118D5CF911AEAA
112599C94EB03328D217233D4CB65A70
19CC8ACB7BB48F0F504B7D4AE27A5168
1B6DF1FD51FDC3D882009D287B5A28C6
1C5DE5A921DEE405E98E7E09D9829387
2639C89B8B7052E2CE4CB9CFC63F4C53
2805AB25F19F719C8E228A5239E0565D
28F6766308D3B39EC5E662FF7156C6C5
297C0350ACF8BFFF59D5B3679F5F7756
2A6C4235B942467D25FD50D5B313E67A
33752742BCA8E539A6EE3E5D0FDA8744
339B4B50B615BE6E1D8454F6C605A97C
3FFAF2F624C1B4BB6F581DCF7B99CBA7
441BF111747671066A10A146C03EEFC4
4799E1FDB5A3C0E3AD650B5AC215A737
4A4436544EBFA930AE3C4C8C2409FD6E
4E1C251C44ED29E1255E0FA137B1542A
50876E46C80CC47F1EFC9CE52F4836A0
55E321849F3699655D7E062C90682F63
56CD5E4B6EF14229EED260BB452D47CD
580E1113B36E1F7A2BFD0C4F5B20B228
5B29D0889DF09A8250D62FA09EB2B452
5C63A02B0B04D9AE95CA51687DC3406F
5C8C5FC89623C9EF22C5F47F79B28590
65EFFD49449AD3FD32A6EB347C6D923B
66342E4468E151FB418F30989A1C78F5
6CDA2721AA1076F063557CF89D88E92B
712BF1DF1B88C6DA0016E5917F4B65BE
7729174BAA658C8FD86CF8290422F512
7E806D0A625D59A6AC2CDF2C869D26F5
91AD797F95CC4C6D6AE33B21F664C60B
9A72B693E38944F710870185E50777DB
9B51526171228EB2FEB413BA6814A9A1
A3597A7946669B5010D3E0B8CED21565
AB1830A7BF82824EA2021CF3AB22EDC8
AE1A5B740FF2D40527116FF80F9DB6A8
B54010961D93072ED4A3271F264859F8
B74233898DCAB205A315FE96C8A31253
BFDC70A9D445EA5B9010ABB133253D6F
C1341C297526B8F87C6B0EFE90F35C70
C5311C5F10A3000130C5977A62029629
CA332333A50FC7AEF4C82D0403A91594
CBDE77E3ACB4B166D53C1812E5C72F54
CC90EAF7131A1CA59F8322735C92899C
D3C5FA777BA52264546E6569F167AF0D
D48508B92843539B4464235C2B355CC3
DD91E89C70E1C43D610BFC10D1FE1CA2
DFDED622F689CC39CA16BFAD8AE6CF56
E1B55285AA0157A2AF1396DA2576B57F
E89CCC7E155F1032F693359CC219BE6C
E8FAA643CCB5E52AA7B1282DA88D1DDF
EC5A1B294CC7FB822A6C913F811797C4
F1266156AF93C0CADFF31EFD5EB12BDD
F8DFDCBAA677F83E2CD2409F5C00505F
FC5967D5FDE49566E84801DA1081B16B
FC73BFC52F7D29344848FBFD51A0B554
FC832437D7A2B7094A9B56C3909773D9
FDC90F44C65A71E0901C1B9FFFCF3D02
# Deathkings (sans DM maps)
0487193FFC57884EDB053F3E9148C534
11A83AAE9F747E1BA649F52D6C2DDB3A
15FC0991D975325556EFF71F241A4458
2945EDC2A9D7222AE54F0C68E1EA79FC
2FAD54B58487884F06EAFA507B553921
6C886A3E37410C6FC83ED87BB6E9864F
6FAFFEAAE301FD341169A3CC63CBE183
7721B620EA970DF48FF4A18489822F6C
7C28FD1ED662667FC54CDA123CF0614A
7DC65D5029DD834481CD716B3D71388A
90B4951F996BA30096F2D4238EEC39CA
A5F820CB016DE3D9A402C0173E7F9998
B0ADDB295A3ACCE43978AAC91FB8C58A
B295A2FBB187A1DC8AEFDE825DFB084A
B77D810C972976C54A694C62361FFF9D
C35F7CB2E9F93BB331FFCEB6622ABD64
CA7825F84BC08E76C6C85A41AEFE4370
CB0334184147FF565F6EF437F316B3EB
E2B5D1400279335811C1C1C0B437D9C8
E3EFB0156A20ADF2DF00915A0EA85DF5
