# Heretic
# Doesn't include episode 6, those aren't even part of the campaign
006DEAB129C225F3ED4BF70F67A122F9
17654C1688AB18D046F3B30292EE144F
196810E6877808E5D665644A6B0B7519
2225DE84BFDD74E984C39022E6499834
27639D04F8090D57A47D354992435893
2C9F8F32D6D5713F57A79279718EB30A
30D1480A6D4F3A3153739D4CCF659C4E
397A0E17A39542E4E8294E156FAB0502
41C5437160F07D607AF413C7742DE70C
4719C2C71EF28F52310B889DD5A9778B
5158C22A0F30CE5E558FD2A05D67685E
5800D43560330827E05F9BB7068DB8D8
5E3FCFDE78310BB89F92B1626A47D0AD
641362D6DCBFD40BEF31627AC36B3F37
674196BE64A0EDA97BA7916962C20D16
7285877BB9726C7B934C28F7E733C28B
84CA1839049B7A3266EE3CFE78874AF1
84EC63F1412348F3275075489713478C
85AC7D20D18F9BC49B9696CC2E67F029
85C8DD2C557A490D571FDD44B3963EA3
882CBA8401C29488DF07DC93792995B2
916318D8B06DAC2D83424B23E4B66531
9299AC9604195379F01BA27D43468464
9BD531882129C4366845EC1877A46283
9DBC65690993F7988BAAC71D35F2AC4F
A6A0E37C60C04E88BD4B03D26EA171F7
A7DBAB356525123955A31806CA7E244E
A94561FF9BC91BC28305627CF3BCE856
AD3687E5984C0F03D9CC38920EB775A1
ADD0FAC41AFB0B3C9B9F3C0006F93805
ADEA9DE9E47202E1C4038ACFA6ED7B85
B43106250033C9C3C7BEAE4D55E44A2D
B7FDAB05B21AF564BC9552676F695213
BF320F2055DCA06C7BECBD7BA8389736
BF863A89DE2108FC24979D0565F2F65E
CA3773ED313E8899311F3DD0CA195A68
CAB396CF990DE6B4FF5CF3C60FB2BABF
D4C44A46DAAB28BD7935D1CD9E96BBF7
D94587625BA779644D58151A87897CF1
DB4716B9A4860C8EBC3CD90CCF58CC5B
DC15D3AFB78CACC98C8855C07702038F
DF1DC38BF77A1CD1653718DB51CEE9DA
EB08016DFFC6C5505DF29EE350762F12
EBDF3D5C49B057C24279002461AD2066
F73033F55D3F63DA6B5EAE4CCA4F5BD8
FA52AA4AC70FB6E699DCC09C8D241F85
FAA0550BE9923B3A3332B4F7DB897A4A
FF6C17C38044E1EDACF96F4F4FCF4806
