# DOOM I
03026CE40DD59D8651BE0168E2BF4FEB
0352510152C1EC7410FD056AB68C22D4
04008AC301A291B4D7EB2AC2BE08176D
058FB092EA1B70DA1E3CBF501C4A91A1
100106C75157B7DECB0DCAD2A59C1919
12F312BA35EA1F4431FD67A405FCAC3A
167DB53BD6755AD0B8A2E31D7CBFB6F1
1BC04D646B32D3A3E411DAF3C1A38FF8
1D7FD0DE19BACFA1127633BCEBCE4F28
1DBF91738492FB0E29836A2D66406CF1
1EC9C5710087141F49C5F219CE61A60B
2042D7C0815982EFC992149082E45538
2B44D7016B25AAAA96EC86AA3890031B
2B65CB046EA40D2E44576949381769CA
2BAF49B4CC36155B60B5330660AC0976
2DC939E508AB8EB68AF79D5B60568711
34601B4E48CA63A69905FFEFEBEFBD44
364DEACBC4E8A316C0B6FE3026795EEC
36CF4DDCE946096D2B6A1C9167CDFF24
3838AB29292587A7EE3CA71E7040868D
3CB5FAE83B470A9ACCD9B9B2102447DF
44C443413170B85F49951BF1F05F8FA9
4B65B09DC8FEDF0D32524DB2CD5208C7
4B7AEF0D297FF38C1569EE616CEFF245
5024020F3EBC2D9D3C66A1203F87E98B
5AC51CA9F1B57D4538049422A5E37291
5B26545FF21B051CA06D389CE535684C
5FAA25F5A6AAB3409CAE0AF87F910341
62198D501F6E967E8470434A04FF73D6
65455AC523799F8DCE19F3D1968776A2
66D8E54B173041F981A11CCE766C4215
771092812F38236C9DF2CB06B2D6B24F
78556D238FFEC8058CACC48B847E1FAB
81A4CC5136CBFA49345654190A626C09
8590F489879870C098CD7029C3187159
8A6399FAAA2E68649D4E4B16642074BE
8DDEA443C7847951D44C2370F870DC51
9007F68E7F351A5758198933336F6B9F
918436B3C2D0AD4F2C108183414B4612
94D4C869A0C02EF4F7375022B36AAE45
97079958C7E89C1908890730B8B9FEB7
99C580AD8FABE923CAB485CB7F3C5E5D
9F48A50A2CF1DD38AB3F72DE4B9AE931
A24FE135D5B6FD427FE27BEF89717A65
AA7610E65716B21BA8B99E9B95E76843
AAECADD4D97970AFF702D86FAFAC7D17
B49F7A6C519757D390D52667DB7D8793
B87D71143EFD62C23BDEC4DD19F6DC6D
BBDC4253AE277DA5FCE2F19561627496
BD9AB9C1B017AB3583B80C8A6222DCE6
BE6CA7CF3518C2E4D1CFE4A17BE42953
C2E09AB0BDD03925305A48AE935B71CA
C4A89A481A32BFEDDEB82E818F2BDEC5
C7FF2282BC606FFB28DDCB90357094E6
CAA497916BDD0804644C32454260CCA0
CBBFF61A8C231DFFC8E8A2A2BAEB77FF
D015344419CD93376A6DB1FFF7DFB77E
DA0C8281AC70EEC31127C228BCD7FE2C
DDFED63F6226299CA8136663D0E54B4E
E27A5638FC5047E42B38351BCC78483C
EF128313112110ED6C1549AF96AF26C9
EFFE91DF41AD41F6973C06F0AD67DDB9
F6EE16F770AD309D608EA0B1F1E249FC
F951882CB5A8DEF910F0ED966A1054C5
FB564DF28BC8D4BF70F60FB3256BCF9D
FE97DCB9E6235FB3C52AE7C143160D73
# DOOM II
0BB515B79E0A6C42C4846C4E6F5F1D73
0D491365C1B88B7D1B603890100DD03E
0E11A89BFCAA52A4981F4C20344E5985
1037366026AAB4B0CF11BAB27DB90E4E
110F84DE041052B59307FAF0293E6BC0
17F425C45746A3550673439A199851CE
1A540BA717BF9EC85F8522594C352F2A
1AF4DEC2627360A55B3EB397BC15C39D
1EC0AF1E3985650F0C9000319C599D0C
20251EDA21B2F2ECF6FF5B8BBC00B26C
211E7C0E91CDEC8912C99AAA4648767F
291F24417FB3DD411339AE82EF9B3597
2DE58E4B58489F3A5B71F9013FBA18E8
34A8DB0B341A32267CB461D8C219DF0A
3C9902E376CCA1E9C3BE8763BDC21DF5
3EFF15C64A03B36E8E47926C6DF9EF70
3FF94E27423F91C1585B3396F0C03459
434575DCB650B4EFC912EFC0782C7ACC
492FEE2B2D54F79C7A23E045062770CA
4AA9B3CE449FB614497756E96509F096
55962881582C9B2B5AB88805B032230A
5BDA34DA60C0530794CC1EA2DA017976
5E8679670469F92E15CF4219B5B98FEF
5EECD88F4491F516D590CE4BBF45F532
63F25C97D5B1CC174EFEA7F6AF499960
661057B891818322F417BDD87DFD640C
66C46385EB1A23D60839D1532522076B
6B60F37B91309DFF1CDF02E5E476210D
6C620F43705BEC0ABBABBF46AC3E62D2
73D9E03CEE7BF1A97EFD2EAD86688EF8
7DEF5AB5E48D61DC5B100456E846F359
82256F04136ADB2413BFC604B5F6ADF3
84BB2C8ED2343C91136B87F1832E7CA5
8898F5EC9CBDCD98019A1BC1BF892A8A
922865ACD59F7E7DC475801ED43C2BF2
94893A0DC429A22ADC4B3A73DA537E16
98B90CA3AE69D47180DC0BD3A66D49A3
9AA7780B46EC4471F630572798943D71
9E061AD7FBCD7FAD968C976CB4AA3B9D
AA4CA3FC891D13821ACCABD836E29EB5
AB24AE6E2CB13CBDD04600A4D37F9189
AB55BFB557FA86D06F2F14D2D2ECC70C
B0F573C276A989BBCE350F5397C9830F
B5506B1E8F2FC272AD0C77B9E0DF5491
C3E95F101FA83894A5476E7B6AB929A5
C725E47120CC0BE3E3EAE73E055488C5
CEC791136A83EEC4B91D39718BDF9D82
E1CFD5C6E60C3B6C30F8B95FC287E9FE
EBDAC00E9D25D884B2C8F4B1F0390539
F2235342F1591B59154022E1DAF3EB2F
F4F2A769609988837458772AAE99008C
F610DAFA39A5FDB7F5F19DD1009B8764
F62FA69BFF7210F3515A98CBEAC169B3
FBA6547B9FD44E95671A923A066E516F
# NRFTL
047991BB81F9790B69C25B020DF8B25C
3262C22DD1532DF4DFCFEEB6AE0E11BB
3843B06A279EB9CEDC18C30CF32074C2
7E0E3D6E3643082B86C153CC04A0D1D1
7EB864A03948C3F918F9223B2D1F8911
B2C6635EC41DA8D96065166B0E14E78E
C7471AF46CFDA07BA0EB5C4D4DE2E136
FDE03D8F2D3D8E37483FC4589B3D54E9
FF635FB9A2F076566299910F8C78F707
# SIGIL
09B30C9DA9D73D3D5A709502FBB947AA
0E5E1817F2224FF0DB181474B830A5A7
2A6B4D277F526BFB3ADB122609FEEAD7
3417A4859C8FECE797C9DAA715D14D63
35AE2B748869C4158B4CFD4AE8999ABF
38028DC7E09DC5C91068AAC565A3962B
391AFD7D60F4055329141C29415A8747
3AFC7C4358D4E3AD52A616D834645C66
3D72FD17F36D2D43FD9A21E6E57EE357
4A4832BEBE16A3D56912490A4E61F59B
4E5D482364F6F787CB8EFC17BDE5D64D
5F0176109618FD804433C6292108AD2A
6EAD80DA1F30B4B3546FA294EEF9F87C
8C35EFBA700537035C84F5E1AD35C064
AEBF219BF02AAEC549BA3EF8CB3F715B
C241A25A1FDF76805C5CA4FB4702F906
C43B99F34E5211F9AF24459842852B0D
C9E4A1B09187A7C2B6AFDE0E63C3C173
D2A36970B78FB93FA6F000F7BAF51BBF
D6CC73585A54B2B9747386884867F254
DF5181F0AB8B09BEFA74FFC7687FC5CB
E9ACCB492F095D6ABD41EF5548620E85
E9EB4D16CA7E491E98D61615E4613E70
EB984250D4935E93C265AE8C8455560F
EBCA8E5E02430E9642D24CF2ADBAE80D
ECC2BCC872F0F1C09711246B85901F1C
F930BA8E480B2A5C94829C2A2A585157
FB0369DB6D3F4E117947764CEC906C92
# TNT and Plutonia are not included, they're not part of the campaign
